c:\users\bao\documents\github\tapbpm\builds\visualstudio2015\debug\juce_core.obj
c:\users\bao\documents\github\tapbpm\builds\visualstudio2015\debug\juce_audio_basics.obj
c:\users\bao\documents\github\tapbpm\builds\visualstudio2015\debug\juce_events.obj
c:\users\bao\documents\github\tapbpm\builds\visualstudio2015\debug\tapbpmcompontent.obj
c:\users\bao\documents\github\tapbpm\builds\visualstudio2015\debug\juce_gui_basics.obj
c:\users\bao\documents\github\tapbpm\builds\visualstudio2015\debug\juce_audio_devices.obj
c:\users\bao\documents\github\tapbpm\builds\visualstudio2015\debug\juce_opengl.obj
c:\users\bao\documents\github\tapbpm\builds\visualstudio2015\debug\juce_audio_formats.obj
c:\users\bao\documents\github\tapbpm\builds\visualstudio2015\debug\juce_video.obj
c:\users\bao\documents\github\tapbpm\builds\visualstudio2015\debug\juce_cryptography.obj
c:\users\bao\documents\github\tapbpm\builds\visualstudio2015\debug\juce_data_structures.obj
c:\users\bao\documents\github\tapbpm\builds\visualstudio2015\debug\juce_graphics.obj
c:\users\bao\documents\github\tapbpm\builds\visualstudio2015\debug\juce_audio_processors.obj
c:\users\bao\documents\github\tapbpm\builds\visualstudio2015\debug\main.obj
c:\users\bao\documents\github\tapbpm\builds\visualstudio2015\debug\juce_gui_extra.obj
c:\users\bao\documents\github\tapbpm\builds\visualstudio2015\debug\vc140.pdb
c:\users\bao\documents\github\tapbpm\builds\visualstudio2015\debug\vc140.idb
c:\users\bao\documents\github\tapbpm\builds\visualstudio2015\debug\tapbpm.ilk
c:\users\bao\documents\github\tapbpm\builds\visualstudio2015\debug\tapbpm.exe
c:\users\bao\documents\github\tapbpm\builds\visualstudio2015\debug\tapbpm.pdb
c:\users\bao\documents\github\tapbpm\builds\visualstudio2015\debug\resources.res
c:\users\bao\documents\github\tapbpm\builds\visualstudio2015\debug\tapbpm.tlog\cl.command.1.tlog
c:\users\bao\documents\github\tapbpm\builds\visualstudio2015\debug\tapbpm.tlog\cl.read.1.tlog
c:\users\bao\documents\github\tapbpm\builds\visualstudio2015\debug\tapbpm.tlog\cl.write.1.tlog
c:\users\bao\documents\github\tapbpm\builds\visualstudio2015\debug\tapbpm.tlog\link.command.1.tlog
c:\users\bao\documents\github\tapbpm\builds\visualstudio2015\debug\tapbpm.tlog\link.read.1.tlog
c:\users\bao\documents\github\tapbpm\builds\visualstudio2015\debug\tapbpm.tlog\link.write.1.tlog
c:\users\bao\documents\github\tapbpm\builds\visualstudio2015\debug\tapbpm.tlog\rc.command.1.tlog
c:\users\bao\documents\github\tapbpm\builds\visualstudio2015\debug\tapbpm.tlog\rc.read.1.tlog
c:\users\bao\documents\github\tapbpm\builds\visualstudio2015\debug\tapbpm.tlog\rc.write.1.tlog
